<?xml version="1.0" encoding="UTF-8"?>
<!-- Generated by org.testng.reporters.JUnitReportReporter -->
<testsuite hostname="Shayans-Air" failures="0" tests="2" name="Test01_GET" time="4.989" errors="0" timestamp="2021-04-20T22:04:57 IST" skipped="0">
  <testcase classname="Test01_GET" name="test_02" time="1.400"/>
  <system-out/>
  <testcase classname="Test01_GET" name="test_01" time="3.589"/>
  <system-out/>
</testsuite> <!-- Test01_GET -->
