<?xml version="1.0" encoding="UTF-8"?>
<!-- Generated by org.testng.reporters.JUnitReportReporter -->
<testsuite hostname="Shayans-Air" failures="0" tests="1" name="LambaTest" time="19.381" errors="0" timestamp="2021-04-22T01:23:38 IST" skipped="0">
  <testcase classname="LambaTest" name="amazon_lg" time="19.381"/>
  <system-out/>
</testsuite> <!-- LambaTest -->
