<?xml version="1.0" encoding="UTF-8"?>
<!-- Generated by org.testng.reporters.JUnitReportReporter -->
<testsuite hostname="Shayans-Air" failures="0" tests="1" name="Tests_POST" time="4.147" errors="0" timestamp="2021-04-20T23:50:53 IST" skipped="0">
  <testcase classname="Tests_POST" name="test_1_post" time="4.147"/>
  <system-out/>
</testsuite> <!-- Tests_POST -->
