<?xml version="1.0" encoding="UTF-8"?>
<!-- Generated by org.testng.reporters.JUnitReportReporter -->
<testsuite hostname="Shayans-Air" failures="0" tests="1" name="Tests_GET" time="4.993" errors="0" timestamp="2021-04-20T23:17:23 IST" skipped="0">
  <testcase classname="Tests_GET" name="test_1" time="4.993"/>
  <system-out/>
</testsuite> <!-- Tests_GET -->
